# JRE version: Java(TM) SE Runtime Environment (8.0_171-b11) (build 1.8.0_171-b11)
# Java VM: Java HotSpot(TM) 64-Bit Server VM (25.171-b11 mixed mode linux-amd64 compressed oops)
Heap:
 PSYoungGen      total 206336K, used 11775K [0x00000000ebf80000, 0x00000000f9580000, 0x0000000100000000)
  eden space 194560K, 0% used [0x00000000ebf80000,0x00000000ebf80000,0x00000000f7d80000)
  from space 11776K, 99% used [0x00000000f7d80000,0x00000000f88ffc38,0x00000000f8900000)
  to   space 9216K, 0% used [0x00000000f8900000,0x00000000f8900000,0x00000000f9200000)
 ParOldGen       total 27648K, used 17775K [0x00000000c3e00000, 0x00000000c5900000, 0x00000000ebf80000)
  object space 27648K, 64% used [0x00000000c3e00000,0x00000000c4f5bc78,0x00000000c5900000)
 Metaspace       used 32845K, capacity 34586K, committed 34816K, reserved 1079296K
  class space    used 4436K, capacity 4795K, committed 4864K, reserved 1048576K
GC Heap History (10 events):
Event: 11.488 GC heap after
Heap after GC invocations=7 (full 0):
 PSYoungGen      total 70656K, used 7011K [0x00000000ebf80000, 0x00000000f4b80000, 0x0000000100000000)
  eden space 63488K, 0% used [0x00000000ebf80000,0x00000000ebf80000,0x00000000efd80000)
  from space 7168K, 97% used [0x00000000efd80000,0x00000000f0458d50,0x00000000f0480000)
  to   space 8192K, 0% used [0x00000000f4380000,0x00000000f4380000,0x00000000f4b80000)
 ParOldGen       total 42496K, used 7947K [0x00000000c3e00000, 0x00000000c6780000, 0x00000000ebf80000)
  object space 42496K, 18% used [0x00000000c3e00000,0x00000000c45c2cc8,0x00000000c6780000)
 Metaspace       used 19753K, capacity 20392K, committed 20480K, reserved 1067008K
  class space    used 2617K, capacity 2805K, committed 2816K, reserved 1048576K
}
Event: 12.018 GC heap before
{Heap before GC invocations=8 (full 0):
 PSYoungGen      total 70656K, used 17390K [0x00000000ebf80000, 0x00000000f4b80000, 0x0000000100000000)
  eden space 63488K, 16% used [0x00000000ebf80000,0x00000000ec9a2b90,0x00000000efd80000)
  from space 7168K, 97% used [0x00000000efd80000,0x00000000f0458d50,0x00000000f0480000)
  to   space 8192K, 0% used [0x00000000f4380000,0x00000000f4380000,0x00000000f4b80000)
 ParOldGen       total 42496K, used 7947K [0x00000000c3e00000, 0x00000000c6780000, 0x00000000ebf80000)
  object space 42496K, 18% used [0x00000000c3e00000,0x00000000c45c2cc8,0x00000000c6780000)
 Metaspace       used 20641K, capacity 21278K, committed 21296K, reserved 1067008K
  class space    used 2749K, capacity 2932K, committed 2944K, reserved 1048576K
Event: 12.034 GC heap after
Heap after GC invocations=8 (full 0):
 PSYoungGen      total 135168K, used 3473K [0x00000000ebf80000, 0x00000000f4b80000, 0x0000000100000000)
  eden space 126976K, 0% used [0x00000000ebf80000,0x00000000ebf80000,0x00000000f3b80000)
  from space 8192K, 42% used [0x00000000f4380000,0x00000000f46e45b8,0x00000000f4b80000)
  to   space 8192K, 0% used [0x00000000f3b80000,0x00000000f3b80000,0x00000000f4380000)
 ParOldGen       total 42496K, used 7988K [0x00000000c3e00000, 0x00000000c6780000, 0x00000000ebf80000)
  object space 42496K, 18% used [0x00000000c3e00000,0x00000000c45cd210,0x00000000c6780000)
 Metaspace       used 20641K, capacity 21278K, committed 21296K, reserved 1067008K
  class space    used 2749K, capacity 2932K, committed 2944K, reserved 1048576K
}
Event: 12.034 GC heap before
{Heap before GC invocations=9 (full 1):
 PSYoungGen      total 135168K, used 3473K [0x00000000ebf80000, 0x00000000f4b80000, 0x0000000100000000)
  eden space 126976K, 0% used [0x00000000ebf80000,0x00000000ebf80000,0x00000000f3b80000)
  from space 8192K, 42% used [0x00000000f4380000,0x00000000f46e45b8,0x00000000f4b80000)
  to   space 8192K, 0% used [0x00000000f3b80000,0x00000000f3b80000,0x00000000f4380000)
 ParOldGen       total 42496K, used 7988K [0x00000000c3e00000, 0x00000000c6780000, 0x00000000ebf80000)
  object space 42496K, 18% used [0x00000000c3e00000,0x00000000c45cd210,0x00000000c6780000)
 Metaspace       used 20641K, capacity 21278K, committed 21296K, reserved 1067008K
  class space    used 2749K, capacity 2932K, committed 2944K, reserved 1048576K
Event: 12.086 GC heap after
Heap after GC invocations=9 (full 1):
 PSYoungGen      total 135168K, used 0K [0x00000000ebf80000, 0x00000000f4b80000, 0x0000000100000000)
  eden space 126976K, 0% used [0x00000000ebf80000,0x00000000ebf80000,0x00000000f3b80000)
  from space 8192K, 0% used [0x00000000f4380000,0x00000000f4380000,0x00000000f4b80000)
  to   space 8192K, 0% used [0x00000000f3b80000,0x00000000f3b80000,0x00000000f4380000)
 ParOldGen       total 27648K, used 5882K [0x00000000c3e00000, 0x00000000c5900000, 0x00000000ebf80000)
  object space 27648K, 21% used [0x00000000c3e00000,0x00000000c43beb08,0x00000000c5900000)
 Metaspace       used 20639K, capacity 21272K, committed 21296K, reserved 1067008K
  class space    used 2748K, capacity 2931K, committed 2944K, reserved 1048576K
}
Event: 16.308 GC heap before
{Heap before GC invocations=10 (full 1):
 PSYoungGen      total 135168K, used 126976K [0x00000000ebf80000, 0x00000000f4b80000, 0x0000000100000000)
  eden space 126976K, 100% used [0x00000000ebf80000,0x00000000f3b80000,0x00000000f3b80000)
  from space 8192K, 0% used [0x00000000f4380000,0x00000000f4380000,0x00000000f4b80000)
  to   space 8192K, 0% used [0x00000000f3b80000,0x00000000f3b80000,0x00000000f4380000)
 ParOldGen       total 27648K, used 5882K [0x00000000c3e00000, 0x00000000c5900000, 0x00000000ebf80000)
  object space 27648K, 21% used [0x00000000c3e00000,0x00000000c43beb08,0x00000000c5900000)
 Metaspace       used 22827K, capacity 23642K, committed 23808K, reserved 1069056K
  class space    used 3051K, capacity 3254K, committed 3328K, reserved 1048576K
Event: 16.318 GC heap after
Heap after GC invocations=10 (full 1):
 PSYoungGen      total 135168K, used 7772K [0x00000000ebf80000, 0x00000000f9200000, 0x0000000100000000)
  eden space 126976K, 0% used [0x00000000ebf80000,0x00000000ebf80000,0x00000000f3b80000)
  from space 8192K, 94% used [0x00000000f3b80000,0x00000000f4317328,0x00000000f4380000)
  to   space 9216K, 0% used [0x00000000f8900000,0x00000000f8900000,0x00000000f9200000)
 ParOldGen       total 27648K, used 5890K [0x00000000c3e00000, 0x00000000c5900000, 0x00000000ebf80000)
  object space 27648K, 21% used [0x00000000c3e00000,0x00000000c43c0b08,0x00000000c5900000)
 Metaspace       used 22827K, capacity 23642K, committed 23808K, reserved 1069056K
  class space    used 3051K, capacity 3254K, committed 3328K, reserved 1048576K
}
Event: 19.232 GC heap before
{Heap before GC invocations=11 (full 1):
 PSYoungGen      total 135168K, used 134748K [0x00000000ebf80000, 0x00000000f9200000, 0x0000000100000000)
  eden space 126976K, 100% used [0x00000000ebf80000,0x00000000f3b80000,0x00000000f3b80000)
  from space 8192K, 94% used [0x00000000f3b80000,0x00000000f4317328,0x00000000f4380000)
  to   space 9216K, 0% used [0x00000000f8900000,0x00000000f8900000,0x00000000f9200000)
 ParOldGen       total 27648K, used 5890K [0x00000000c3e00000, 0x00000000c5900000, 0x00000000ebf80000)
  object space 27648K, 21% used [0x00000000c3e00000,0x00000000c43c0b08,0x00000000c5900000)
 Metaspace       used 28476K, capacity 30080K, committed 30336K, reserved 1075200K
  class space    used 3894K, capacity 4208K, committed 4224K, reserved 1048576K
Event: 19.264 GC heap after
Heap after GC invocations=11 (full 1):
 PSYoungGen      total 203776K, used 9206K [0x00000000ebf80000, 0x00000000f9580000, 0x0000000100000000)
  eden space 194560K, 0% used [0x00000000ebf80000,0x00000000ebf80000,0x00000000f7d80000)
  from space 9216K, 99% used [0x00000000f8900000,0x00000000f91fda20,0x00000000f9200000)
  to   space 11776K, 0% used [0x00000000f7d80000,0x00000000f7d80000,0x00000000f8900000)
 ParOldGen       total 27648K, used 9567K [0x00000000c3e00000, 0x00000000c5900000, 0x00000000ebf80000)
  object space 27648K, 34% used [0x00000000c3e00000,0x00000000c4757f90,0x00000000c5900000)
 Metaspace       used 28476K, capacity 30080K, committed 30336K, reserved 1075200K
  class space    used 3894K, capacity 4208K, committed 4224K, reserved 1048576K
}
Event: 23.274 GC heap before
{Heap before GC invocations=12 (full 1):
 PSYoungGen      total 203776K, used 203766K [0x00000000ebf80000, 0x00000000f9580000, 0x0000000100000000)
  eden space 194560K, 100% used [0x00000000ebf80000,0x00000000f7d80000,0x00000000f7d80000)
  from space 9216K, 99% used [0x00000000f8900000,0x00000000f91fda20,0x00000000f9200000)
  to   space 11776K, 0% used [0x00000000f7d80000,0x00000000f7d80000,0x00000000f8900000)
 ParOldGen       total 27648K, used 9567K [0x00000000c3e00000, 0x00000000c5900000, 0x00000000ebf80000)
  object space 27648K, 34% used [0x00000000c3e00000,0x00000000c4757f90,0x00000000c5900000)
 Metaspace       used 32845K, capacity 34586K, committed 34816K, reserved 1079296K
  class space    used 4436K, capacity 4795K, committed 4864K, reserved 1048576K

